<?xml version="1.0" encoding="UTF-8"?>
<testsuite xmlns:xsi="http://www.w3.org/2001/XMLSchema-instance" xsi:noNamespaceSchemaLocation="https://maven.apache.org/surefire/maven-surefire-plugin/xsd/surefire-test-report-3.0.xsd" version="3.0" name="com.example.doctorservice.DoctorServiceTest" time="1.137" tests="12" errors="0" skipped="0" failures="0">
  <properties>
[...]
</properties>
  <testcase name="getSlotsByDate_shouldThrow_whenDoctorNotFound" classname="com.example.doctorservice.DoctorServiceTest" time="1.028"/>
  <testcase name="getDoctorById_shouldReturnDoctor_whenExists" classname="com.example.doctorservice.DoctorServiceTest" time="0.009"/>
  <testcase name="reserveSlot_shouldThrow_whenAlreadyReserved" classname="com.example.doctorservice.DoctorServiceTest" time="0.008">
    <system-out><![CDATA[07:33:51.932 [main] INFO com.example.doctorservice.service.SlotServiceImpl -- Reserving slot id=23799cb8-7d11-4c78-872f-cec653972dd6 for patient=a3c345b7-e343-4dc8-a0a5-fae246f32294
]]></system-out>
  </testcase>
  <testcase name="releaseSlot_shouldBeIdempotent_whenAlreadyAvailable" classname="com.example.doctorservice.DoctorServiceTest" time="0.007">
    <system-out><![CDATA[07:33:51.942 [main] INFO com.example.doctorservice.service.SlotServiceImpl -- Releasing slot id=4d665d0a-68e3-4dae-a041-290188ef952e (saga compensation)
]]></system-out>
  </testcase>
  <testcase name="getDoctorById_shouldThrow_whenNotFound" classname="com.example.doctorservice.DoctorServiceTest" time="0.004"/>
  <testcase name="releaseSlot_shouldResetToAvailable" classname="com.example.doctorservice.DoctorServiceTest" time="0.004">
    <system-out><![CDATA[07:33:51.953 [main] INFO com.example.doctorservice.service.SlotServiceImpl -- Releasing slot id=0ed9bb4f-8869-436e-bc8a-e59dd5f26586 (saga compensation)
]]></system-out>
  </testcase>
  <testcase name="createSlots_shouldCreateAndReturnSlots" classname="com.example.doctorservice.DoctorServiceTest" time="0.009">
    <system-out><![CDATA[07:33:51.958 [main] INFO com.example.doctorservice.service.DoctorServiceImpl -- Creating 1 slot(s) for doctor id=b6e4a594-430f-4499-b78b-55b1a237d06d
]]></system-out>
  </testcase>
  <testcase name="getAllDoctors_shouldFilterBySpecialization" classname="com.example.doctorservice.DoctorServiceTest" time="0.003"/>
  <testcase name="createDoctor_shouldReturnDoctorResponse" classname="com.example.doctorservice.DoctorServiceTest" time="0.008">
    <system-out><![CDATA[07:33:51.972 [main] INFO com.example.doctorservice.service.DoctorServiceImpl -- Creating doctor with email: alice@clinic.com
]]></system-out>
  </testcase>
  <testcase name="reserveSlot_shouldThrow_whenSlotNotFound" classname="com.example.doctorservice.DoctorServiceTest" time="0.003">
    <system-out><![CDATA[07:33:51.981 [main] INFO com.example.doctorservice.service.SlotServiceImpl -- Reserving slot id=e5744986-1f76-4997-82c7-2baecceb87ca for patient=8ad06fb3-d623-404f-a109-3bf56724bac9
]]></system-out>
  </testcase>
  <testcase name="reserveSlot_shouldChangeStatusToReserved" classname="com.example.doctorservice.DoctorServiceTest" time="0.003">
    <system-out><![CDATA[07:33:51.984 [main] INFO com.example.doctorservice.service.SlotServiceImpl -- Reserving slot id=090ee039-c398-455e-b491-b210c6932bc9 for patient=2653e337-f4bb-40ef-855c-1310b0e0ead9
]]></system-out>
  </testcase>
  <testcase name="getSlotById_shouldThrow_whenNotFound" classname="com.example.doctorservice.DoctorServiceTest" time="0.003"/>
</testsuite>